<!DOCTYPE suite SYSTEM "http://testng.org/testng-1.0.dtd" >

<suite name="TestAll">

    <test name="order">
        <classes>
            <class name="org.ealancas.test.TestConfig" />
            <class name="org.ealancas.test.TestOrder" />
        </classes>
    </test>

    <test name="database">
        <classes>
            <class name="org.ealancas.test.TestConfig" />
            <class name="org.ealancas.test.TestDatabase" />
        </classes>
    </test>

    <test name="browser">
        <classes>
            <class name="org.ealancas.test.TestBrowser" />
        </classes>
    </test>
</suite>