<!DOCTYPE suite SYSTEM "http://testng.org/testng-1.0.dtd" >

<suite name="TestAll">
    <test name="browser">
        <classes>
            <class name="org.ealancas.test.TestBrowser" />
        </classes>
    </test>

    <test name="findElement">
        <classes>
            <class name="org.ealancas.test.TestFindElement" />
        </classes>
    </test>

    <test name="webElementActions">
        <classes>
            <class name="org.ealancas.test.TestWebElementActions" />
        </classes>
    </test>
</suite>