<?xml version="1.0" encoding="UTF-8"?>
<!-- Generated by org.testng.reporters.JUnitReportReporter -->
<testsuite hostname="SJO-0084.local" failures="0" tests="1" name="org.ealancas.test.TestBrowser" time="9.360" errors="0" timestamp="2023-08-21T14:27:59 CST" skipped="0">
  <testcase classname="org.ealancas.test.TestBrowser" name="testChromeInit" time="9.360"/>
</testsuite> <!-- org.ealancas.test.TestBrowser -->
